<?xml version="1.0" encoding="UTF-8"?>
<!-- Generated by org.testng.reporters.JUnitReportReporter -->
<testsuite skipped="0" hostname="DESKTOP-70GVKHP" name="com.class01.testngAnnotations" tests="2" failures="0" timestamp="30 May 2019 19:55:04 GMT" time="0.005" errors="0">
  <testcase name="testCase1" time="0.003" classname="com.class01.testngAnnotations"/>
  <testcase name="testCase2" time="0.002" classname="com.class01.testngAnnotations"/>
</testsuite> <!-- com.class01.testngAnnotations -->
