<?xml version="1.0" encoding="UTF-8"?>
<!-- Generated by org.testng.reporters.JUnitReportReporter -->
<testsuite skipped="0" hostname="DESKTOP-70GVKHP" name="com.class01.TestDemo" tests="3" failures="0" timestamp="29 May 2019 01:17:12 GMT" time="0.007" errors="0">
  <testcase name="test" time="0.000" classname="com.class01.TestDemo"/>
  <testcase name="a" time="0.006" classname="com.class01.TestDemo"/>
  <testcase name="b" time="0.001" classname="com.class01.TestDemo"/>
</testsuite> <!-- com.class01.TestDemo -->
