<?xml version="1.0" encoding="UTF-8"?>
<!-- Generated by org.testng.reporters.JUnitReportReporter -->
<testsuite skipped="0" hostname="DESKTOP-70GVKHP" name="com.class01.TestAnnotations" tests="1" failures="0" timestamp="30 May 2019 19:31:26 GMT" time="8.676" errors="0">
  <testcase name="myTestMethod" time="8.676" classname="com.class01.TestAnnotations"/>
</testsuite> <!-- com.class01.TestAnnotations -->
