<?xml version="1.0" encoding="UTF-8"?>
<!-- Generated by org.testng.reporters.JUnitReportReporter -->
<testsuite skipped="0" hostname="DESKTOP-70GVKHP" name="com.class01.Task3TestAnnotations" tests="1" failures="0" timestamp="30 May 2019 22:16:58 GMT" time="8.207" errors="0">
  <testcase name="myTestMethod" time="8.207" classname="com.class01.Task3TestAnnotations"/>
</testsuite> <!-- com.class01.Task3TestAnnotations -->
