<?xml version="1.0" encoding="UTF-8"?>
<!-- Generated by org.testng.reporters.JUnitReportReporter -->
<testsuite skipped="1" hostname="DESKTOP-70GVKHP" name="com.class02.DisablingTestCases" tests="4" failures="0" timestamp="30 May 2019 23:46:42 GMT" time="0.008" errors="0">
  <testcase name="FinalTest" time="0.006" classname="com.class02.DisablingTestCases"/>
  <testcase name="SecondTest" time="0.001" classname="com.class02.DisablingTestCases"/>
  <testcase name="FirstTest" time="0.001" classname="com.class02.DisablingTestCases"/>
  <testcase name="SkippedTest" classname="com.class02.DisablingTestCases">
    <skipped/>
  </testcase> <!-- SkippedTest -->
</testsuite> <!-- com.class02.DisablingTestCases -->
