<?xml version="1.0" encoding="UTF-8"?>
<!-- Generated by org.testng.reporters.JUnitReportReporter -->
<testsuite skipped="0" hostname="DESKTOP-70GVKHP" name="com.class01.beforeAndAfterMethods" tests="2" failures="0" timestamp="29 May 2019 01:30:46 GMT" time="0.006" errors="0">
  <testcase name="testMethodTwo" time="0.000" classname="com.class01.beforeAndAfterMethods"/>
  <testcase name="testMethodOne" time="0.006" classname="com.class01.beforeAndAfterMethods"/>
</testsuite> <!-- com.class01.beforeAndAfterMethods -->
