<?xml version="1.0" encoding="UTF-8"?>
<!-- Generated by org.testng.reporters.JUnitReportReporter -->
<testsuite skipped="0" hostname="DESKTOP-70GVKHP" name="com.class01.taskTestNG" tests="1" failures="0" timestamp="30 May 2019 18:30:25 GMT" time="6.766" errors="0">
  <testcase name="login" time="6.766" classname="com.class01.taskTestNG"/>
</testsuite> <!-- com.class01.taskTestNG -->
